INFO:root:Garage Door Check Started
INFO:root:writing current status
INFO:root:Garage is currently Open
INFO:root:writing current status
INFO:root:Garage is now Open
INFO:root:Garage Door Check Started
INFO:root:writing current status
INFO:root:Garage is currently Open
INFO:root:writing current status
INFO:root:Garage is now Open
INFO:root:writing current status
INFO:root:Garage is now Closed
INFO:root:writing current status
INFO:root:Garage is now Open
INFO:root:writing current status
INFO:root:Garage is now Closed
INFO:root:writing current status
INFO:root:Garage is now Open
INFO:root:writing current status
INFO:root:Garage is now Closed
INFO:root:writing current status
INFO:root:Garage is now Open
INFO:root:writing current status
INFO:root:Garage is now Closed
INFO:root:Garage Door Check Started
INFO:root:Garage is currently Open
INFO:root:Garage Door Check Started
INFO:root:Garage is currently Open
INFO:root:Garage is now Open
INFO:root:Garage is now Closed
INFO:root:Garage is now Open
INFO:root:Garage is now Closed
INFO:root:Garage Door Check Started
INFO:root:Garage is currently Closed
INFO:root:Garage is now Open
INFO:root:Garage is now Closed
INFO:root:Garage is now Open
INFO:root:Garage is now Closed
INFO:root:Garage is now Open
INFO:root:Garage is now Closed
INFO:root:Garage is now Open
INFO:root:Garage Door Check Started
INFO:root:Garage is currently Open
INFO:root:Garage is now Open
INFO:root:Garage is now Closed
INFO:root:Garage is now Open
INFO:root:Garage is now Closed
INFO:root:Garage is now Open
INFO:root:Garage is now Closed
INFO:root:Garage is now Open
INFO:root:Garage Door Check Started
INFO:root:Garage is currently Open
INFO:root:Garage is now Open
INFO:root:Garage is now Closed
INFO:root:Garage Door Check Started
INFO:root:Garage is currently Open
INFO:root:Garage Door Check Started
INFO:root:Garage is currently Open
INFO:root:Garage Door Check Started
INFO:root:Garage is currently Open
INFO:root:Garage is now Open
INFO:root:Garage is now Closed
INFO:root:Garage is now Open
INFO:root:Garage is now Closed
INFO:root:Garage is now Open
INFO:root:Garage is now Closed
INFO:root:Garage is now Open
INFO:root:Garage is now Closed
INFO:root:Garage Door Check Started
INFO:root:Garage is currently Open
INFO:root:Garage is now Open
INFO:root:Garage is now Closed
INFO:root:Garage is now Open
INFO:root:Garage is now Closed
INFO:root:Garage is now Open
INFO:root:Garage is now Closed
INFO:root:Garage is now Open
INFO:root:Garage is now Closed
INFO:root:Garage is now Open
INFO:root:Garage is now Closed
INFO:root:Garage Door Check Started
INFO:root:Garage is currently Closed
INFO:root:Garage is now Open
INFO:root:Garage is now Closed
INFO:root:Garage is now Open
INFO:root:Garage is now Closed
INFO:root:Garage is now Open
INFO:root:Garage is now Closed
INFO:root:Garage is now Open
INFO:root:Garage is now Closed
INFO:root:Garage is now Open
INFO:root:Garage is now Closed
INFO:root:Garage is now Open
INFO:root:Garage is now Closed
INFO:root:Garage is now Open
INFO:root:Garage is now Closed
INFO:root:Garage is now Open
INFO:root:Garage is now Closed
INFO:root:Garage Door Check Started
INFO:root:Garage is currently Closed
INFO:root:Garage is now Open
INFO:root:Garage is now Closed
INFO:root:Garage is now Open
INFO:root:Garage is now Closed
INFO:root:Garage Door Check Started
INFO:root:Garage is currently Open
INFO:root:Garage is now Open
INFO:root:Garage is now Closed
INFO:root:Garage is now Open
INFO:root:Garage is now Closed
INFO:root:Garage Door Check Started
INFO:root:Garage is currently Closed
INFO:root:Garage is now Open
INFO:root:Garage is now Closed
INFO:root:Garage is now Open
INFO:root:Garage is now Closed
INFO:root:Garage is now Open
INFO:root:Garage is now Closed
INFO:root:Garage Door Check Started
INFO:root:Garage is currently Closed
INFO:root:Garage is now Open
INFO:root:Garage is now Closed
INFO:root:Garage is now Open
INFO:root:Garage is now Closed
INFO:root:Garage is now Open
INFO:root:Garage is now Closed
INFO:root:Garage is now Open
INFO:root:Garage is now Closed
INFO:root:Garage Door Check Started
INFO:root:Garage is currently Closed
INFO:root:Garage Door Check Started
INFO:root:Garage is currently Closed
INFO:root:Garage Door Check Started
INFO:root:Garage is currently Closed
INFO:root:Garage Door Check Started
INFO:root:Garage is currently Closed
